#
# There is insufficient memory for the Java Runtime Environment to continue.
# Native memory allocation (malloc) failed to allocate 648832 bytes for Chunk::new
# Possible reasons:
#   The system is out of physical RAM or swap space
#   The process is running with CompressedOops enabled, and the Java Heap may be blocking the growth of the native heap
# Possible solutions:
#   Reduce memory load on the system
#   Increase physical memory or swap space
#   Check if swap backing store is full
#   Decrease Java heap size (-Xmx/-Xms)
#   Decrease number of Java threads
#   Decrease Java thread stack sizes (-Xss)
#   Set larger code cache with -XX:ReservedCodeCacheSize=
#   JVM is running with Zero Based Compressed Oops mode in which the Java heap is
#     placed in the first 32GB address space. The Java Heap base address is the
#     maximum limit for the native heap growth. Please use -XX:HeapBaseMinAddress
#     to set the Java Heap base and to place the Java Heap above 32GB virtual address.
# This output file may be truncated or incomplete.
#
#  Out of Memory Error (allocation.cpp:389), pid=27220, tid=0x00000000000028cc
#
# JRE version: OpenJDK Runtime Environment (8.0_212-b04) (build 1.8.0_212-release-1586-b04)
# Java VM: OpenJDK 64-Bit Server VM (25.212-b04 mixed mode windows-amd64 compressed oops)
# Failed to write core dump. Minidumps are not enabled by default on client versions of Windows
#

---------------  T H R E A D  ---------------

Current thread (0x000000001de59800):  JavaThread "C2 CompilerThread0" daemon [_thread_in_native, id=10444, stack(0x000000001e750000,0x000000001e850000)]

Stack: [0x000000001e750000,0x000000001e850000]
[error occurred during error reporting (printing stack bounds), id 0xc0000005]

Native frames: (J=compiled Java code, j=interpreted, Vv=VM code, C=native code)


Current CompileTask:
C2:   2787 2793   !   4       org.jetbrains.kotlin.metadata.ProtoBuf$Function::<init> (1112 bytes)


---------------  P R O C E S S  ---------------

Java Threads: ( => current thread )
  0x000000001defb800 JavaThread "Service Thread" daemon [_thread_blocked, id=12732, stack(0x000000001eb50000,0x000000001ec50000)]
  0x000000001de70800 JavaThread "C1 CompilerThread3" daemon [_thread_blocked, id=21732, stack(0x000000001ea50000,0x000000001eb50000)]
  0x000000001de61000 JavaThread "C2 CompilerThread2" daemon [_thread_in_native, id=18820, stack(0x000000001e950000,0x000000001ea50000)]
  0x000000001de5c000 JavaThread "C2 CompilerThread1" daemon [_thread_in_native, id=25580, stack(0x000000001e850000,0x000000001e950000)]
=>0x000000001de59800 JavaThread "C2 CompilerThread0" daemon [_thread_in_native, id=10444, stack(0x000000001e750000,0x000000001e850000)]
  0x000000001de58000 JavaThread "Attach Listener" daemon [_thread_blocked, id=25956, stack(0x000000001e650000,0x000000001e750000)]
  0x000000001de66800 JavaThread "Signal Dispatcher" daemon [_thread_blocked, id=18880, stack(0x000000001e550000,0x000000001e650000)]
  0x000000001de51000 JavaThread "Finalizer" daemon [_thread_blocked, id=18852, stack(0x000000001e330000,0x000000001e430000)]
  0x000000001c04c000 JavaThread "Reference Handler" daemon [_thread_blocked, id=16016, stack(0x000000001e230000,0x000000001e330000)]
  0x00000000024a5000 JavaThread "main" [_thread_in_vm, id=1880, stack(0x00000000023a0000,0x00000000024a0000)]

Other Threads:
  0x000000001c046800 VMThread [stack: 0x000000001dd30000,0x000000001de30000] [id=11112]
  0x000000001df0c800 WatcherThread [stack: 0x000000001ec50000,0x000000001ed50000] [id=11372]

VM state:not at safepoint (normal execution)

VM Mutex/Monitor currently owned by a thread: None

heap address: 0x00000006c1400000, size: 4076 MB, Compressed Oops mode: Zero based, Oop shift amount: 3
Narrow klass base: 0x0000000000000000, Narrow klass shift: 3
Compressed class space size: 1073741824 Address: 0x00000007c0000000

Heap:
 PSYoungGen      total 76288K, used 38206K [0x000000076b180000, 0x0000000770680000, 0x00000007c0000000)
  eden space 65536K, 58% used [0x000000076b180000,0x000000076d6cfb28,0x000000076f180000)
  from space 10752K, 0% used [0x000000076fc00000,0x000000076fc00000,0x0000000770680000)
  to   space 10752K, 0% used [0x000000076f180000,0x000000076f180000,0x000000076fc00000)
 ParOldGen       total 119808K, used 18103K [0x00000006c1400000, 0x00000006c8900000, 0x000000076b180000)
  object space 119808K, 15% used [0x00000006c1400000,0x00000006c25adc00,0x00000006c8900000)
 Metaspace       used 36994K, capacity 37466K, committed 37760K, reserved 1081344K
  class space    used 4730K, capacity 4877K, committed 4992K, reserved 1048576K

Card table byte_map: [0x0000000011960000,0x0000000012160000] byte_map_base: 0x000000000e356000

Marking Bits: (ParMarkBitMap*) 0x000000005b039f30
 Begin Bits: [0x0000000012eb0000, 0x0000000016e60000)
 End Bits:   [0x0000000016e60000, 0x000000001ae10000)

Polling page: 0x00000000003f0000

CodeCache: size=245760Kb used=9343Kb max_used=9343Kb free=236416Kb
 bounds [0x00000000025a0000, 0x0000000002ed0000, 0x00000000115a0000]
 total_blobs=3375 nmethods=2935 adapters=353
 compilation: enabled

Compilation events (10 events):
Event: 2.775 Thread 0x000000001de70800 2946       2       org.jetbrains.kotlin.storage.LockBasedStorageManager$LockBasedLazyValue::postCompute (1 bytes)
Event: 2.775 Thread 0x000000001de70800 nmethod 2946 0x0000000002ec5650 code [0x0000000002ec57a0, 0x0000000002ec58f0]
Event: 2.775 Thread 0x000000001de70800 2952       1       org.jetbrains.kotlin.load.java.structure.impl.classFiles.BinaryJavaField::getAccess (5 bytes)
Event: 2.776 Thread 0x000000001de70800 nmethod 2952 0x0000000002ec5990 code [0x0000000002ec5ae0, 0x0000000002ec5bf0]
Event: 2.777 Thread 0x000000001de70800 2953       2       org.jetbrains.kotlin.name.FqNameUnsafe::child (65 bytes)
Event: 2.777 Thread 0x000000001de70800 nmethod 2953 0x0000000002ec5c50 code [0x0000000002ec5e20, 0x0000000002ec6378]
Event: 2.777 Thread 0x000000001de70800 2954       2       org.jetbrains.kotlin.load.java.structure.impl.classFiles.PlainJavaAnnotationArgument::<init> (81 bytes)
Event: 2.778 Thread 0x000000001de70800 nmethod 2954 0x0000000002ec6710 code [0x0000000002ec68a0, 0x0000000002ec6b88]
Event: 2.778 Thread 0x000000001de70800 2955       2       org.jetbrains.kotlin.load.java.structure.impl.classFiles.BinaryJavaAnnotationVisitor$1::invoke (12 bytes)
Event: 2.778 Thread 0x000000001de70800 nmethod 2955 0x0000000002ec6d10 code [0x0000000002ec6e80, 0x0000000002ec7098]

GC Heap History (10 events):
Event: 1.232 GC heap before
{Heap before GC invocations=2 (full 0):
 PSYoungGen      total 76288K, used 28446K [0x000000076b180000, 0x0000000770680000, 0x00000007c0000000)
  eden space 65536K, 27% used [0x000000076b180000,0x000000076c2cb688,0x000000076f180000)
  from space 10752K, 99% used [0x000000076f180000,0x000000076fbfc218,0x000000076fc00000)
  to   space 10752K, 0% used [0x000000076fc00000,0x000000076fc00000,0x0000000770680000)
 ParOldGen       total 175104K, used 4791K [0x00000006c1400000, 0x00000006cbf00000, 0x000000076b180000)
  object space 175104K, 2% used [0x00000006c1400000,0x00000006c18adda8,0x00000006cbf00000)
 Metaspace       used 20736K, capacity 21128K, committed 21296K, reserved 1069056K
  class space    used 2466K, capacity 2623K, committed 2688K, reserved 1048576K
Event: 1.239 GC heap after
Heap after GC invocations=2 (full 0):
 PSYoungGen      total 76288K, used 9183K [0x000000076b180000, 0x0000000770680000, 0x00000007c0000000)
  eden space 65536K, 0% used [0x000000076b180000,0x000000076b180000,0x000000076f180000)
  from space 10752K, 85% used [0x000000076fc00000,0x00000007704f7ea8,0x0000000770680000)
  to   space 10752K, 0% used [0x000000076f180000,0x000000076f180000,0x000000076fc00000)
 ParOldGen       total 175104K, used 4863K [0x00000006c1400000, 0x00000006cbf00000, 0x000000076b180000)
  object space 175104K, 2% used [0x00000006c1400000,0x00000006c18bfdb8,0x00000006cbf00000)
 Metaspace       used 20736K, capacity 21128K, committed 21296K, reserved 1069056K
  class space    used 2466K, capacity 2623K, committed 2688K, reserved 1048576K
}
Event: 1.239 GC heap before
{Heap before GC invocations=3 (full 1):
 PSYoungGen      total 76288K, used 9183K [0x000000076b180000, 0x0000000770680000, 0x00000007c0000000)
  eden space 65536K, 0% used [0x000000076b180000,0x000000076b180000,0x000000076f180000)
  from space 10752K, 85% used [0x000000076fc00000,0x00000007704f7ea8,0x0000000770680000)
  to   space 10752K, 0% used [0x000000076f180000,0x000000076f180000,0x000000076fc00000)
 ParOldGen       total 175104K, used 4863K [0x00000006c1400000, 0x00000006cbf00000, 0x000000076b180000)
  object space 175104K, 2% used [0x00000006c1400000,0x00000006c18bfdb8,0x00000006cbf00000)
 Metaspace       used 20736K, capacity 21128K, committed 21296K, reserved 1069056K
  class space    used 2466K, capacity 2623K, committed 2688K, reserved 1048576K
Event: 1.270 GC heap after
Heap after GC invocations=3 (full 1):
 PSYoungGen      total 76288K, used 0K [0x000000076b180000, 0x0000000770680000, 0x00000007c0000000)
  eden space 65536K, 0% used [0x000000076b180000,0x000000076b180000,0x000000076f180000)
  from space 10752K, 0% used [0x000000076fc00000,0x000000076fc00000,0x0000000770680000)
  to   space 10752K, 0% used [0x000000076f180000,0x000000076f180000,0x000000076fc00000)
 ParOldGen       total 119808K, used 8879K [0x00000006c1400000, 0x00000006c8900000, 0x000000076b180000)
  object space 119808K, 7% used [0x00000006c1400000,0x00000006c1cabe70,0x00000006c8900000)
 Metaspace       used 20736K, capacity 21128K, committed 21296K, reserved 1069056K
  class space    used 2466K, capacity 2623K, committed 2688K, reserved 1048576K
}
Event: 2.087 GC heap before
{Heap before GC invocations=4 (full 1):
 PSYoungGen      total 76288K, used 65536K [0x000000076b180000, 0x0000000770680000, 0x00000007c0000000)
  eden space 65536K, 100% used [0x000000076b180000,0x000000076f180000,0x000000076f180000)
  from space 10752K, 0% used [0x000000076fc00000,0x000000076fc00000,0x0000000770680000)
  to   space 10752K, 0% used [0x000000076f180000,0x000000076f180000,0x000000076fc00000)
 ParOldGen       total 119808K, used 8879K [0x00000006c1400000, 0x00000006c8900000, 0x000000076b180000)
  object space 119808K, 7% used [0x00000006c1400000,0x00000006c1cabe70,0x00000006c8900000)
 Metaspace       used 30421K, capacity 30914K, committed 31232K, reserved 1077248K
  class space    used 3907K, capacity 4080K, committed 4096K, reserved 1048576K
Event: 2.098 GC heap after
Heap after GC invocations=4 (full 1):
 PSYoungGen      total 76288K, used 10740K [0x000000076b180000, 0x0000000770680000, 0x00000007c0000000)
  eden space 65536K, 0% used [0x000000076b180000,0x000000076b180000,0x000000076f180000)
  from space 10752K, 99% used [0x000000076f180000,0x000000076fbfd370,0x000000076fc00000)
  to   space 10752K, 0% used [0x000000076fc00000,0x000000076fc00000,0x0000000770680000)
 ParOldGen       total 119808K, used 15046K [0x00000006c1400000, 0x00000006c8900000, 0x000000076b180000)
  object space 119808K, 12% used [0x00000006c1400000,0x00000006c22b18a0,0x00000006c8900000)
 Metaspace       used 30421K, capacity 30914K, committed 31232K, reserved 1077248K
  class space    used 3907K, capacity 4080K, committed 4096K, reserved 1048576K
}
Event: 2.427 GC heap before
{Heap before GC invocations=5 (full 1):
 PSYoungGen      total 76288K, used 33327K [0x000000076b180000, 0x0000000770680000, 0x00000007c0000000)
  eden space 65536K, 34% used [0x000000076b180000,0x000000076c78ea08,0x000000076f180000)
  from space 10752K, 99% used [0x000000076f180000,0x000000076fbfd370,0x000000076fc00000)
  to   space 10752K, 0% used [0x000000076fc00000,0x000000076fc00000,0x0000000770680000)
 ParOldGen       total 119808K, used 15046K [0x00000006c1400000, 0x00000006c8900000, 0x000000076b180000)
  object space 119808K, 12% used [0x00000006c1400000,0x00000006c22b18a0,0x00000006c8900000)
 Metaspace       used 34755K, capacity 35272K, committed 35456K, reserved 1079296K
  class space    used 4523K, capacity 4683K, committed 4736K, reserved 1048576K
Event: 2.433 GC heap after
Heap after GC invocations=5 (full 1):
 PSYoungGen      total 76288K, used 10749K [0x000000076b180000, 0x0000000770680000, 0x00000007c0000000)
  eden space 65536K, 0% used [0x000000076b180000,0x000000076b180000,0x000000076f180000)
  from space 10752K, 99% used [0x000000076fc00000,0x000000077067f658,0x0000000770680000)
  to   space 10752K, 0% used [0x000000076f180000,0x000000076f180000,0x000000076fc00000)
 ParOldGen       total 119808K, used 17036K [0x00000006c1400000, 0x00000006c8900000, 0x000000076b180000)
  object space 119808K, 14% used [0x00000006c1400000,0x00000006c24a33f0,0x00000006c8900000)
 Metaspace       used 34755K, capacity 35272K, committed 35456K, reserved 1079296K
  class space    used 4523K, capacity 4683K, committed 4736K, reserved 1048576K
}
Event: 2.433 GC heap before
{Heap before GC invocations=6 (full 2):
 PSYoungGen      total 76288K, used 10749K [0x000000076b180000, 0x0000000770680000, 0x00000007c0000000)
  eden space 65536K, 0% used [0x000000076b180000,0x000000076b180000,0x000000076f180000)
  from space 10752K, 99% used [0x000000076fc00000,0x000000077067f658,0x0000000770680000)
  to   space 10752K, 0% used [0x000000076f180000,0x000000076f180000,0x000000076fc00000)
 ParOldGen       total 119808K, used 17036K [0x00000006c1400000, 0x00000006c8900000, 0x000000076b180000)
  object space 119808K, 14% used [0x00000006c1400000,0x00000006c24a33f0,0x00000006c8900000)
 Metaspace       used 34755K, capacity 35272K, committed 35456K, reserved 1079296K
  class space    used 4523K, capacity 4683K, committed 4736K, reserved 1048576K
Event: 2.469 GC heap after
Heap after GC invocations=6 (full 2):
 PSYoungGen      total 76288K, used 0K [0x000000076b180000, 0x0000000770680000, 0x00000007c0000000)
  eden space 65536K, 0% used [0x000000076b180000,0x000000076b180000,0x000000076f180000)
  from space 10752K, 0% used [0x000000076fc00000,0x000000076fc00000,0x0000000770680000)
  to   space 10752K, 0% used [0x000000076f180000,0x000000076f180000,0x000000076fc00000)
 ParOldGen       total 119808K, used 18103K [0x00000006c1400000, 0x00000006c8900000, 0x000000076b180000)
  object space 119808K, 15% used [0x00000006c1400000,0x00000006c25adc00,0x00000006c8900000)
 Metaspace       used 34755K, capacity 35272K, committed 35456K, reserved 1079296K
  class space    used 4523K, capacity 4683K, committed 4736K, reserved 1048576K
}

Deoptimization events (10 events):
Event: 2.266 Thread 0x00000000024a5000 Uncommon trap: reason=class_check action=maybe_recompile pc=0x0000000002a66000 method=org.jetbrains.kotlin.com.intellij.util.text.ByteArrayCharSequence.toBytesIfPossible(Ljava/lang/CharSequence;)[B @ 16
Event: 2.537 Thread 0x00000000024a5000 Uncommon trap: reason=unstable_if action=reinterpret pc=0x0000000002cde728 method=java.text.StringCharacterIterator.current()C @ 19
Event: 2.589 Thread 0x00000000024a5000 Uncommon trap: reason=bimorphic action=maybe_recompile pc=0x0000000002b31de4 method=org.jetbrains.kotlin.protobuf.CodedInputStream.tryRefillBuffer(I)Z @ 177
Event: 2.590 Thread 0x00000000024a5000 Uncommon trap: reason=bimorphic action=maybe_recompile pc=0x0000000002b31de4 method=org.jetbrains.kotlin.protobuf.CodedInputStream.tryRefillBuffer(I)Z @ 177
Event: 2.591 Thread 0x00000000024a5000 Uncommon trap: reason=bimorphic action=maybe_recompile pc=0x0000000002b31de4 method=org.jetbrains.kotlin.protobuf.CodedInputStream.tryRefillBuffer(I)Z @ 177
Event: 2.593 Thread 0x00000000024a5000 Uncommon trap: reason=bimorphic action=maybe_recompile pc=0x0000000002b31de4 method=org.jetbrains.kotlin.protobuf.CodedInputStream.tryRefillBuffer(I)Z @ 177
Event: 2.599 Thread 0x00000000024a5000 Uncommon trap: reason=unstable_if action=reinterpret pc=0x0000000002d5a5b0 method=org.jetbrains.org.objectweb.asm.ClassReader.readUtf(II[C)Ljava/lang/String; @ 41
Event: 2.600 Thread 0x00000000024a5000 Uncommon trap: reason=unstable_if action=reinterpret pc=0x0000000002d4e95c method=org.jetbrains.org.objectweb.asm.ClassReader.readUtf(II[C)Ljava/lang/String; @ 41
Event: 2.601 Thread 0x00000000024a5000 Uncommon trap: reason=unstable_if action=reinterpret pc=0x0000000002d0a7a4 method=org.jetbrains.org.objectweb.asm.ClassReader.readUtf(II[C)Ljava/lang/String; @ 41
Event: 2.613 Thread 0x00000000024a5000 Uncommon trap: reason=bimorphic action=maybe_recompile pc=0x0000000002b30dec method=org.jetbrains.kotlin.protobuf.CodedInputStream.tryRefillBuffer(I)Z @ 177

Classes redefined (0 events):
No events

Internal exceptions (10 events):
Event: 0.996 Thread 0x00000000024a5000 Exception <a 'java/lang/NoSuchMethodError': java.lang.Object.lambda$comparing$77a9974f$1(Ljava/util/function/Function;Ljava/lang/Object;Ljava/lang/Object;)I> (0x000000076b219ca0) thrown at [D:\src\AOSP-openjdk-cygwin\jdk8u\hotspot\src\share\vm\interpreter
Event: 1.009 Thread 0x00000000024a5000 Exception <a 'java/lang/NoSuchMethodError': java.lang.Object.lambda$static$0()J> (0x000000076b3b7110) thrown at [D:\src\AOSP-openjdk-cygwin\jdk8u\hotspot\src\share\vm\interpreter\linkResolver.cpp, line 620]
Event: 1.116 Thread 0x00000000024a5000 Exception <a 'java/lang/NoSuchMethodError': java.lang.Object.lambda$static$0(I)[Lorg/jetbrains/kotlin/com/intellij/openapi/editor/event/DocumentListener;> (0x000000076baf7498) thrown at [D:\src\AOSP-openjdk-cygwin\jdk8u\hotspot\src\share\vm\interpreter\li
Event: 1.139 Thread 0x00000000024a5000 Exception <a 'java/lang/NoSuchMethodError': java.lang.Object.lambda$static$0(I)[Lorg/jetbrains/kotlin/com/intellij/psi/PsiAnnotation;> (0x000000076bcfb290) thrown at [D:\src\AOSP-openjdk-cygwin\jdk8u\hotspot\src\share\vm\interpreter\linkResolver.cpp, line
Event: 1.216 Thread 0x00000000024a5000 Exception <a 'java/lang/NoSuchMethodError': java.lang.Object.lambda$static$0(I)[Lorg/jetbrains/kotlin/com/intellij/psi/PsiElement;> (0x000000076c22cc70) thrown at [D:\src\AOSP-openjdk-cygwin\jdk8u\hotspot\src\share\vm\interpreter\linkResolver.cpp, line 62
Event: 1.780 Thread 0x00000000024a5000 Exception <a 'java/lang/ArrayIndexOutOfBoundsException': 126> (0x000000076db21278) thrown at [D:\src\AOSP-openjdk-cygwin\jdk8u\hotspot\src\share\vm\interpreter\interpreterRuntime.cpp, line 368]
Event: 1.781 Thread 0x00000000024a5000 Exception <a 'java/lang/ArrayIndexOutOfBoundsException': 86> (0x000000076db22740) thrown at [D:\src\AOSP-openjdk-cygwin\jdk8u\hotspot\src\share\vm\interpreter\interpreterRuntime.cpp, line 368]
Event: 2.351 Thread 0x00000000024a5000 Exception <a 'java/lang/NoSuchMethodError': java.lang.Object.lambda$static$0(I)[Lorg/jetbrains/kotlin/psi/KtExpression;> (0x000000076c179cf8) thrown at [D:\src\AOSP-openjdk-cygwin\jdk8u\hotspot\src\share\vm\interpreter\linkResolver.cpp, line 620]
Event: 2.384 Thread 0x00000000024a5000 Exception <a 'java/lang/NoSuchMethodError': java.lang.Object.lambda$static$0(I)[Lorg/jetbrains/kotlin/psi/KtDeclaration;> (0x000000076c421fa0) thrown at [D:\src\AOSP-openjdk-cygwin\jdk8u\hotspot\src\share\vm\interpreter\linkResolver.cpp, line 620]
Event: 2.403 Thread 0x00000000024a5000 Exception <a 'java/lang/NoSuchMethodError': java.lang.Object.lambda$static$0(I)[Lorg/jetbrains/kotlin/psi/KtTypeElement;> (0x000000076c570598) thrown at [D:\src\AOSP-openjdk-cygwin\jdk8u\hotspot\src\share\vm\interpreter\linkResolver.cpp, line 620]

Events (10 events):
Event: 2.777 loading class org/jetbrains/kotlin/resolve/jvm/kotlinSignature/SignaturesPropagationData
Event: 2.777 loading class org/jetbrains/kotlin/resolve/jvm/kotlinSignature/SignaturesPropagationData done
Event: 2.778 loading class org/jetbrains/kotlin/resolve/jvm/jvmSignature/KotlinToJvmSignatureMapper
Event: 2.778 loading class org/jetbrains/kotlin/resolve/jvm/jvmSignature/KotlinToJvmSignatureMapper done
Event: 2.779 loading class org/jetbrains/kotlin/codegen/signature/KotlinToJvmSignatureMapperImpl
Event: 2.779 loading class org/jetbrains/kotlin/codegen/signature/KotlinToJvmSignatureMapperImpl done
Event: 2.779 loading class org/jetbrains/kotlin/codegen/state/KotlinTypeMapper
Event: 2.779 loading class org/jetbrains/kotlin/codegen/state/KotlinTypeMapper done
Event: 2.781 loading class org/jetbrains/kotlin/codegen/state/KotlinTypeMapperBase
Event: 2.781 loading class org/jetbrains/kotlin/codegen/state/KotlinTypeMapperBase done


Dynamic libraries:
0x00007ff6fdaa0000 - 0x00007ff6fdad1000 	C:\Program Files\Android\Android Studio\jre\jre\bin\java.exe
0x00007ffa17a00000 - 0x00007ffa17bf0000 	C:\WINDOWS\SYSTEM32\ntdll.dll
0x00007ffa15bd0000 - 0x00007ffa15c82000 	C:\WINDOWS\System32\KERNEL32.DLL
0x00007ffa14cb0000 - 0x00007ffa14f53000 	C:\WINDOWS\System32\KERNELBASE.dll
0x00007ffa15b10000 - 0x00007ffa15bb3000 	C:\WINDOWS\System32\ADVAPI32.dll
0x00007ffa177d0000 - 0x00007ffa1786e000 	C:\WINDOWS\System32\msvcrt.dll
0x00007ffa16770000 - 0x00007ffa16807000 	C:\WINDOWS\System32\sechost.dll
0x00007ffa15f30000 - 0x00007ffa16050000 	C:\WINDOWS\System32\RPCRT4.dll
0x00007ffa16c90000 - 0x00007ffa16e24000 	C:\WINDOWS\System32\USER32.dll
0x00007ffa14c80000 - 0x00007ffa14ca1000 	C:\WINDOWS\System32\win32u.dll
0x00007ffa166e0000 - 0x00007ffa16706000 	C:\WINDOWS\System32\GDI32.dll
0x00007ffa15910000 - 0x00007ffa15aa4000 	C:\WINDOWS\System32\gdi32full.dll
0x00007ffa14990000 - 0x00007ffa14a2e000 	C:\WINDOWS\System32\msvcp_win.dll
0x00007ffa156e0000 - 0x00007ffa157da000 	C:\WINDOWS\System32\ucrtbase.dll
0x00007ffa039f0000 - 0x00007ffa03c75000 	C:\WINDOWS\WinSxS\amd64_microsoft.windows.common-controls_6595b64144ccf1df_6.0.18362.778_none_e6c6b761130d4fb8\COMCTL32.dll
0x00007ffa16050000 - 0x00007ffa16386000 	C:\WINDOWS\System32\combase.dll
0x00007ffa14c00000 - 0x00007ffa14c80000 	C:\WINDOWS\System32\bcryptPrimitives.dll
0x00007ffa15e50000 - 0x00007ffa15e7e000 	C:\WINDOWS\System32\IMM32.DLL
0x000000005a5f0000 - 0x000000005a6c2000 	C:\Program Files\Android\Android Studio\jre\jre\bin\msvcr100.dll
0x000000005a870000 - 0x000000005b0b6000 	C:\Program Files\Android\Android Studio\jre\jre\bin\server\jvm.dll
0x00007ffa17870000 - 0x00007ffa17878000 	C:\WINDOWS\System32\PSAPI.DLL
0x00007ffa0e1a0000 - 0x00007ffa0e1aa000 	C:\WINDOWS\SYSTEM32\VERSION.dll
0x00007ffa00c80000 - 0x00007ffa00c89000 	C:\WINDOWS\SYSTEM32\WSOCK32.dll
0x00007ffa16390000 - 0x00007ffa163ff000 	C:\WINDOWS\System32\WS2_32.dll
0x00007ffa0f6b0000 - 0x00007ffa0f6d4000 	C:\WINDOWS\SYSTEM32\WINMM.dll
0x00007ffa0f680000 - 0x00007ffa0f6ad000 	C:\WINDOWS\SYSTEM32\WINMMBASE.dll
0x00007ffa14b80000 - 0x00007ffa14bca000 	C:\WINDOWS\System32\cfgmgr32.dll
0x00007ffa11ea0000 - 0x00007ffa11eaf000 	C:\Program Files\Android\Android Studio\jre\jre\bin\verify.dll
0x00007ffa0b450000 - 0x00007ffa0b479000 	C:\Program Files\Android\Android Studio\jre\jre\bin\java.dll
0x00007ffa08a00000 - 0x00007ffa08a16000 	C:\Program Files\Android\Android Studio\jre\jre\bin\zip.dll
0x00007ffa170e0000 - 0x00007ffa177c5000 	C:\WINDOWS\System32\SHELL32.dll
0x00007ffa16480000 - 0x00007ffa16529000 	C:\WINDOWS\System32\shcore.dll
0x00007ffa14f60000 - 0x00007ffa156e0000 	C:\WINDOWS\System32\windows.storage.dll
0x00007ffa14960000 - 0x00007ffa14983000 	C:\WINDOWS\System32\profapi.dll
0x00007ffa148f0000 - 0x00007ffa1493a000 	C:\WINDOWS\System32\powrprof.dll
0x00007ffa148c0000 - 0x00007ffa148d0000 	C:\WINDOWS\System32\UMPDC.dll
0x00007ffa16710000 - 0x00007ffa16762000 	C:\WINDOWS\System32\shlwapi.dll
0x00007ffa14940000 - 0x00007ffa14951000 	C:\WINDOWS\System32\kernel.appcore.dll
0x00007ffa158f0000 - 0x00007ffa15907000 	C:\WINDOWS\System32\cryptsp.dll
0x00007ffa08850000 - 0x00007ffa0886a000 	C:\Program Files\Android\Android Studio\jre\jre\bin\net.dll
0x00007ffa05940000 - 0x00007ffa05b15000 	C:\WINDOWS\SYSTEM32\urlmon.dll
0x00007ffa07240000 - 0x00007ffa074e6000 	C:\WINDOWS\SYSTEM32\iertutil.dll
0x00007ffa14300000 - 0x00007ffa1430c000 	C:\WINDOWS\SYSTEM32\CRYPTBASE.DLL
0x00007ffa14130000 - 0x00007ffa14197000 	C:\WINDOWS\system32\mswsock.dll
0x00007ffa08810000 - 0x00007ffa08823000 	C:\Program Files\Android\Android Studio\jre\jre\bin\nio.dll

VM Arguments:
java_command: org.jetbrains.kotlin.cli.jvm.K2JVMCompiler -Xallow-no-source-files -classpath C:\Users\feras272\ferasProf\app\build\intermediates\compile_and_runtime_not_namespaced_r_class_jar\debug\R.jar;C:\Users\feras272\.gradle\caches\transforms-2\files-2.1\906801bd8eedd543c2fcbd8760c214dc\jetified-kotlin-android-extensions-runtime-1.3.61.jar;C:\Users\feras272\.gradle\caches\transforms-2\files-2.1\a6ee74fb178b3ea5a892efce09fbf14f\jetified-kotlin-stdlib-jdk7-1.3.61.jar;C:\Users\feras272\.gradle\caches\transforms-2\files-2.1\412e466d8257540697ce17fc76cf2156\jetified-core-ktx-1.2.0-api.jar;C:\Users\feras272\.gradle\caches\transforms-2\files-2.1\8c33874182974c323a04f40a626452c3\jetified-kotlin-stdlib-1.3.61.jar;C:\Users\feras272\.gradle\caches\transforms-2\files-2.1\710a6a007d3afc426d16b6e039176053\jetified-kotlin-stdlib-common-1.3.61.jar;C:\Users\feras272\.gradle\caches\transforms-2\files-2.1\37b2db17f3474094fa0bbcb93412368e\jetified-annotations-13.0.jar;C:\Users\feras272\.gradle\caches\transforms-2\files-2.1\d7234acb9c9bc42c98126ea58d94f057\appcompat-1.1.0-api.jar;C:\Users\feras272\.gradle\caches\transforms-2\files-2.1\1344af651314561d5aa35b3ef3f75055\fragment-1.1.0-api.jar;C:\Users\feras272\.gradle\caches\transforms-2\files-2.1\f31fa4ba3f1f2f105606f825a418f3f0\jetified-appcompat-resources-1.1.0-api.jar;C:\Users\feras272\.gradle\caches\transforms-2\files-2.1\675fb8ac46037f96bf818653017729a6\drawerlayout-1.0.0-api.jar;C:\Users\feras272\.gradle\caches\transforms-2\files-2.1\6e36c5267b3ca51fdf75177b25e90817\viewpager-1.0.0-api.jar;C:\Users\feras272\.gradle\caches\transforms-2\files-2.1\3f597a675e0dced4e69dc6514a92c184\loader-1.0.0-api.jar;C:\Users\feras272\.gradle\caches\transforms-2\files-2.1\05b984b052f578393ab114c1aee035b0\jetified-activity-1.0.0-api.jar;C:\Users\feras272\.gradle\caches\transforms-2\files-2.1\986f0d3a3f0530e7b32b2c5870ddafc1\vectordrawable-animated-1.1.0-api.jar;C:\Users\feras272\.gradle\caches\transforms-2\files-2.1\efd46c4b867c28b3b123bfd6b2261fe
java_class_path (initial): C:\Users\feras272\.gradle\caches\modules-2\files-2.1\org.jetbrains.kotlin\kotlin-compiler-embeddable\1.3.61\c35c0833d5a1e3d229359758482c480306724618\kotlin-compiler-embeddable-1.3.61.jar;C:\Users\feras272\.gradle\caches\modules-2\files-2.1\org.jetbrains.kotlin\kotlin-reflect\1.3.61\2e07c9a84c9e118efb70eede7e579fd663932122\kotlin-reflect-1.3.61.jar;C:\Users\feras272\.gradle\caches\modules-2\files-2.1\org.jetbrains.kotlin\kotlin-stdlib\1.3.61\4702105e97f7396ae41b113fdbdc180ec1eb1e36\kotlin-stdlib-1.3.61.jar;C:\Users\feras272\.gradle\caches\modules-2\files-2.1\org.jetbrains.kotlin\kotlin-script-runtime\1.3.61\e5feb39c8de63dcbdc1154b34ca4413874231605\kotlin-script-runtime-1.3.61.jar;C:\Users\feras272\.gradle\caches\modules-2\files-2.1\org.jetbrains.kotlin\kotlin-daemon-embeddable\1.3.61\4de83e41a92c8395d89ab2e81d26b788ba163824\kotlin-daemon-embeddable-1.3.61.jar;C:\Users\feras272\.gradle\caches\modules-2\files-2.1\org.jetbrains.intellij.deps\trove4j\1.0.20181211\216c2e14b070f334479d800987affe4054cd563f\trove4j-1.0.20181211.jar;C:\Users\feras272\.gradle\caches\modules-2\files-2.1\org.jetbrains.kotlin\kotlin-stdlib-common\1.3.61\65abb71d5afb850b68be03987b08e2c864ca3110\kotlin-stdlib-common-1.3.61.jar;C:\Users\feras272\.gradle\caches\modules-2\files-2.1\org.jetbrains\annotations\13.0\919f0dfe192fb4e063e7dacadee7f8bb9a2672a9\annotations-13.0.jar;C:\Program Files\Android\Android Studio\jre\lib\tools.jar
Launcher Type: SUN_STANDARD

Environment Variables:
PATH=D:\DV1\jdk\jre\bin\classic;D:\DV1\jdk\jre\bin;D:\DV1\jdk\jre\bin\client;D:\DV1\jlib;D:\DV1\bin;D:\DV1\jre\1.4.2\bin\client;D:\DV1\jre\1.4.2\bin;D:\oracle\product\10.2.0\db_2\bin;C:\Program Files (x86)\Common Files\Oracle\Java\javapath;C:\Program Files (x86)\Intel\iCLS Client\;C:\Program Files\Intel\iCLS Client\;C:\windows\system32;C:\windows;C:\windows\System32\Wbem;C:\windows\System32\WindowsPowerShell\v1.0\;C:\Program Files (x86)\Intel\Intel(R) Management Engine Components\DAL;C:\Program Files\Intel\Intel(R) Management Engine Components\DAL;C:\Program Files (x86)\Intel\Intel(R) Management Engine Components\IPT;C:\Program Files\Intel\Intel(R) Management Engine Components\IPT;C:\Program Files (x86)\NVIDIA Corporation\PhysX\Common;C:\WINDOWS\system32;C:\WINDOWS;C:\WINDOWS\System32\Wbem;C:\WINDOWS\System32\WindowsPowerShell\v1.0\;C:\Program Files\dotnet\;C:\WINDOWS\System32\OpenSSH\;C:\Program Files\Intel\WiFi\bin\;C:\Program Files\Common Files\Intel\WirelessCommon\;C:\Program Files\PuTTY\;C:\Program Files\nodejs\;C:\Program Files\Java\jdk-13.0.2\bin;C:\Program Files\Git\cmd;C:\Program Files\Microsoft VS Code\bin;C:\Users\feras272\AppData\Local\Microsoft\WindowsApps;C:\ProgramData\feras272\GitHubDesktop\bin;C:\Users\feras272\AppData\Local\GitHubDesktop\bin;C:\Users\feras272\AppData\Roaming\npm;C:\Users\feras272\AppData\Local\Microsoft\WindowsApps;C:\Program Files\Java\jdk1.8.0_172\bin;C:\Program Files\Java\jre1.8.0_172\bin;
USERNAME=feras272
OS=Windows_NT
PROCESSOR_IDENTIFIER=Intel64 Family 6 Model 142 Stepping 10, GenuineIntel



---------------  S Y S T E M  ---------------

OS: Windows 10.0 , 64 bit Build 18362 (10.0.18362.778)

CPU:total 8 (initial active 8) (4 cores per cpu, 2 threads per core) family 6 model 142 stepping 10, cmov, cx8, fxsr, mmx, sse, sse2, sse3, ssse3, sse4.1, sse4.2, popcnt, avx, avx2, aes, clmul, erms, 3dnowpref, lzcnt, ht, tsc, tscinvbit, bmi1, bmi2, adx

Memory: 4k page, physical 16692132k(3038556k free), swap 19170212k(5508k free)

vm_info: OpenJDK 64-Bit Server VM (25.212-b04) for windows-amd64 JRE (1.8.0_212-release-1586-b04), built by "builder" with MS VC++ 10.0 (VS2010)

time: Sun Apr 26 04:32:57 2020
timezone: 
elapsed time: 2 seconds (0d 0h 0m 2s)

