#
# There is insufficient memory for the Java Runtime Environment to continue.
# Native memory allocation (malloc) failed to allocate 131088 bytes for Chunk::new
# Possible reasons:
#   The system is out of physical RAM or swap space
#   The process is running with CompressedOops enabled, and the Java Heap may be blocking the growth of the native heap
# Possible solutions:
#   Reduce memory load on the system
#   Increase physical memory or swap space
#   Check if swap backing store is full
#   Decrease Java heap size (-Xmx/-Xms)
#   Decrease number of Java threads
#   Decrease Java thread stack sizes (-Xss)
#   Set larger code cache with -XX:ReservedCodeCacheSize=
#   JVM is running with Unscaled Compressed Oops mode in which the Java heap is
#     placed in the first 4GB address space. The Java Heap base address is the
#     maximum limit for the native heap growth. Please use -XX:HeapBaseMinAddress
#     to set the Java Heap base and to place the Java Heap above 4GB virtual address.
# This output file may be truncated or incomplete.
#
#  Out of Memory Error (allocation.cpp:389), pid=21880, tid=0x0000000000005dd4
#
# JRE version: OpenJDK Runtime Environment (8.0_212-b04) (build 1.8.0_212-release-1586-b04)
# Java VM: OpenJDK 64-Bit Server VM (25.212-b04 mixed mode windows-amd64 compressed oops)
# Failed to write core dump. Minidumps are not enabled by default on client versions of Windows
#

---------------  T H R E A D  ---------------

Current thread (0x0000000018700800):  JavaThread "C2 CompilerThread1" daemon [_thread_in_native, id=24020, stack(0x0000000019100000,0x0000000019200000)]

Stack: [0x0000000019100000,0x0000000019200000]
[error occurred during error reporting (printing stack bounds), id 0xc0000005]

Native frames: (J=compiled Java code, j=interpreted, Vv=VM code, C=native code)


Current CompileTask:
C2:  16601 5949 %     4       org.gradle.internal.instantiation.AbstractClassGenerator::inspectType @ 77 (559 bytes)


---------------  P R O C E S S  ---------------

Java Threads: ( => current thread )
  0x000000001dcd4000 JavaThread "Execution worker for ':' Thread 4" [_thread_blocked, id=12628, stack(0x0000000026220000,0x0000000026320000)]
  0x000000001dcd6000 JavaThread "Execution worker for ':' Thread 3" [_thread_blocked, id=26096, stack(0x0000000026120000,0x0000000026220000)]
  0x000000001dcd3000 JavaThread "Execution worker for ':' Thread 2" [_thread_blocked, id=27736, stack(0x0000000026020000,0x0000000026120000)]
  0x000000001dcd5800 JavaThread "Execution worker for ':'" [_thread_blocked, id=28236, stack(0x0000000025f20000,0x0000000026020000)]
  0x000000001dcd2800 JavaThread "Cache worker for file content cache (C:\Users\feras272\ferasProf\.gradle\5.6.4\fileContent)" [_thread_blocked, id=13848, stack(0x0000000025a20000,0x0000000025b20000)]
  0x000000001dccb000 JavaThread "Cache worker for file content cache (C:\Users\feras272\.gradle\caches\5.6.4\fileContent)" [_thread_blocked, id=22272, stack(0x0000000025920000,0x0000000025a20000)]
  0x000000001dcd1800 JavaThread "Memory manager" [_thread_blocked, id=22992, stack(0x0000000025580000,0x0000000025680000)]
  0x000000001dcd1000 JavaThread "Cache worker for Build Output Cleanup Cache (C:\Users\feras272\ferasProf\.gradle\buildOutputCleanup)" [_thread_blocked, id=6544, stack(0x0000000024a80000,0x0000000024b80000)]
  0x000000001dcd0000 JavaThread "pool-1-thread-1" [_thread_blocked, id=16128, stack(0x0000000023330000,0x0000000023430000)]
  0x000000001dccf800 JavaThread "Build operations Thread 8" [_thread_blocked, id=27748, stack(0x0000000023230000,0x0000000023330000)]
  0x000000001dcc8000 JavaThread "Build operations Thread 7" [_thread_blocked, id=8800, stack(0x0000000023130000,0x0000000023230000)]
  0x000000001dcca000 JavaThread "Build operations Thread 6" [_thread_blocked, id=29944, stack(0x0000000023030000,0x0000000023130000)]
  0x000000001dccc800 JavaThread "Build operations Thread 5" [_thread_blocked, id=9820, stack(0x0000000021f00000,0x0000000022000000)]
  0x000000001dcc8800 JavaThread "Build operations Thread 4" [_thread_blocked, id=18568, stack(0x0000000021e00000,0x0000000021f00000)]
  0x000000001dcce800 JavaThread "Build operations Thread 3" [_thread_blocked, id=5436, stack(0x0000000021d00000,0x0000000021e00000)]
  0x000000001dcce000 JavaThread "Build operations Thread 2" [_thread_blocked, id=29056, stack(0x0000000021c00000,0x0000000021d00000)]
  0x000000001dcc9800 JavaThread "Build operations" [_thread_blocked, id=31388, stack(0x0000000021b00000,0x0000000021c00000)]
  0x000000001dccd000 JavaThread "Cache worker for execution history cache (C:\Users\feras272\.gradle\caches\5.6.4\executionHistory)" [_thread_in_Java, id=30064, stack(0x0000000021800000,0x0000000021900000)]
  0x000000001b4fa000 JavaThread "Cache worker for cache directory md-rule (C:\Users\feras272\.gradle\caches\5.6.4\md-rule)" [_thread_blocked, id=25780, stack(0x000000001fc60000,0x000000001fd60000)]
  0x000000001b4fe800 JavaThread "Cache worker for cache directory md-supplier (C:\Users\feras272\.gradle\caches\5.6.4\md-supplier)" [_thread_blocked, id=30632, stack(0x000000001f9c0000,0x000000001fac0000)]
  0x000000001b4f8800 JavaThread "Cache worker for file hash cache (C:\Users\feras272\ferasProf\.gradle\5.6.4\fileHashes)" [_thread_blocked, id=10464, stack(0x000000001fb60000,0x000000001fc60000)]
  0x000000001b4fb800 JavaThread "Cache worker for journal cache (C:\Users\feras272\.gradle\caches\journal-1)" [_thread_blocked, id=16200, stack(0x000000001d520000,0x000000001d620000)]
  0x000000001b4fd800 JavaThread "File lock request listener" [_thread_in_native, id=29624, stack(0x000000001d420000,0x000000001d520000)]
  0x000000001b4f6000 JavaThread "Cache worker for file hash cache (C:\Users\feras272\.gradle\caches\5.6.4\fileHashes)" [_thread_blocked, id=5960, stack(0x000000001d120000,0x000000001d220000)]
  0x000000001b3e2000 JavaThread "Thread-9" [_thread_blocked, id=30392, stack(0x000000001d020000,0x000000001d120000)]
  0x000000001b43e000 JavaThread "Stdin handler" [_thread_blocked, id=26048, stack(0x000000001cf20000,0x000000001d020000)]
  0x000000001b43d000 JavaThread "Asynchronous log dispatcher for DefaultDaemonConnection: socket connection from /127.0.0.1:50538 to /127.0.0.1:50539" [_thread_blocked, id=28692, stack(0x000000001cd20000,0x000000001ce20000)]
  0x000000001b3e8000 JavaThread "Daemon worker" [_thread_blocked, id=31504, stack(0x000000001cc20000,0x000000001cd20000)]
  0x000000001b528800 JavaThread "Cancel handler" [_thread_blocked, id=31700, stack(0x000000001cb20000,0x000000001cc20000)]
  0x000000001b3bd000 JavaThread "Handler for socket connection from /127.0.0.1:50538 to /127.0.0.1:50539" [_thread_in_native, id=31408, stack(0x000000001c820000,0x000000001c920000)]
  0x000000001b3b6000 JavaThread "Daemon" [_thread_blocked, id=28548, stack(0x000000001c720000,0x000000001c820000)]
  0x000000001b34e800 JavaThread "Daemon periodic checks" [_thread_blocked, id=24768, stack(0x000000001c620000,0x000000001c720000)]
  0x000000001b346000 JavaThread "Incoming local TCP Connector on port 50538" [_thread_in_native, id=26428, stack(0x000000001c3e0000,0x000000001c4e0000)]
  0x000000001b270000 JavaThread "Daemon health stats" [_thread_blocked, id=30684, stack(0x000000001bda0000,0x000000001bea0000)]
  0x00000000187a5800 JavaThread "Service Thread" daemon [_thread_blocked, id=904, stack(0x0000000019400000,0x0000000019500000)]
  0x000000001870b000 JavaThread "C1 CompilerThread3" daemon [_thread_blocked, id=24864, stack(0x0000000019300000,0x0000000019400000)]
  0x0000000018707000 JavaThread "C2 CompilerThread2" daemon [_thread_blocked, id=26760, stack(0x0000000019200000,0x0000000019300000)]
=>0x0000000018700800 JavaThread "C2 CompilerThread1" daemon [_thread_in_native, id=24020, stack(0x0000000019100000,0x0000000019200000)]
  0x00000000186fa000 JavaThread "C2 CompilerThread0" daemon [_thread_blocked, id=25380, stack(0x0000000019000000,0x0000000019100000)]
  0x00000000186f9000 JavaThread "Attach Listener" daemon [_thread_blocked, id=29076, stack(0x0000000018f00000,0x0000000019000000)]
  0x00000000186f8000 JavaThread "Signal Dispatcher" daemon [_thread_blocked, id=19544, stack(0x0000000018e00000,0x0000000018f00000)]
  0x0000000002b29000 JavaThread "Finalizer" daemon [_thread_blocked, id=25144, stack(0x0000000018bd0000,0x0000000018cd0000)]
  0x00000000186f0800 JavaThread "Reference Handler" daemon [_thread_blocked, id=26464, stack(0x0000000018ad0000,0x0000000018bd0000)]
  0x0000000002a32800 JavaThread "main" [_thread_blocked, id=7924, stack(0x0000000002930000,0x0000000002a30000)]

Other Threads:
  0x00000000168e6000 VMThread [stack: 0x00000000185d0000,0x00000000186d0000] [id=21280]
  0x00000000187a6000 WatcherThread [stack: 0x0000000019500000,0x0000000019600000] [id=20980]

VM state:not at safepoint (normal execution)

VM Mutex/Monitor currently owned by a thread: None

OutOfMemory and StackOverflow Exception counts:
OutOfMemoryError java_heap_errors=1

heap address: 0x00000000a0000000, size: 1536 MB, Compressed Oops mode: 32-bit
Narrow klass base: 0x0000000000000000, Narrow klass shift: 3
Compressed class space size: 1073741824 Address: 0x0000000100000000

Heap:
 PSYoungGen      total 204288K, used 34161K [0x00000000e0000000, 0x00000000f0500000, 0x0000000100000000)
  eden space 189440K, 18% used [0x00000000e0000000,0x00000000e215c7c8,0x00000000eb900000)
  from space 14848K, 0% used [0x00000000eb900000,0x00000000eb900000,0x00000000ec780000)
  to   space 19968K, 0% used [0x00000000ef180000,0x00000000ef180000,0x00000000f0500000)
 ParOldGen       total 133120K, used 36448K [0x00000000a0000000, 0x00000000a8200000, 0x00000000e0000000)
  object space 133120K, 27% used [0x00000000a0000000,0x00000000a2398398,0x00000000a8200000)
 Metaspace       used 58722K, capacity 60728K, committed 60800K, reserved 1101824K
  class space    used 8084K, capacity 8572K, committed 8576K, reserved 1048576K

Card table byte_map: [0x0000000011ef0000,0x0000000012200000] byte_map_base: 0x00000000119f0000

Marking Bits: (ParMarkBitMap*) 0x000000005b039f30
 Begin Bits: [0x0000000012c00000, 0x0000000014400000)
 End Bits:   [0x0000000014400000, 0x0000000015c00000)

Polling page: 0x0000000001090000

CodeCache: size=245760Kb used=18060Kb max_used=18069Kb free=227699Kb
 bounds [0x0000000002b30000, 0x0000000003cf0000, 0x0000000011b30000]
 total_blobs=6352 nmethods=5572 adapters=693
 compilation: enabled

Compilation events (10 events):
Event: 16.593 Thread 0x000000001870b000 6166       3       org.gradle.cache.internal.filelock.LockStateAccess::writeState (90 bytes)
Event: 16.595 Thread 0x000000001870b000 nmethod 6166 0x0000000003ce1fd0 code [0x0000000003ce2280, 0x0000000003ce3518]
Event: 16.595 Thread 0x000000001870b000 6167       3       org.gradle.cache.internal.filelock.DefaultLockStateSerializer::write (26 bytes)
Event: 16.595 Thread 0x000000001870b000 nmethod 6167 0x0000000003ce3f90 code [0x0000000003ce4120, 0x0000000003ce45b8]
Event: 16.596 Thread 0x00000000186fa000 6168       4       java.lang.invoke.DirectMethodHandle::internalMemberName (8 bytes)
Event: 16.597 Thread 0x00000000186fa000 nmethod 6168 0x0000000002ebee90 code [0x0000000002ebefc0, 0x0000000002ebf038]
Event: 16.598 Thread 0x000000001870b000 6169       3       java.nio.Buffer::discardMark (6 bytes)
Event: 16.599 Thread 0x000000001870b000 nmethod 6169 0x0000000003cd8750 code [0x0000000003cd88a0, 0x0000000003cd89f0]
Event: 16.599 Thread 0x000000001870b000 6170       3       org.gradle.internal.serialize.kryo.KryoBackedEncoder::writeSmallInt (11 bytes)
Event: 16.599 Thread 0x000000001870b000 nmethod 6170 0x0000000003cd82d0 code [0x0000000003cd8440, 0x0000000003cd8648]

GC Heap History (10 events):
Event: 7.848 GC heap before
{Heap before GC invocations=8 (full 1):
 PSYoungGen      total 125440K, used 67772K [0x00000000e0000000, 0x00000000e8780000, 0x0000000100000000)
  eden space 114176K, 51% used [0x00000000e0000000,0x00000000e399e2c8,0x00000000e6f80000)
  from space 11264K, 77% used [0x00000000e7c80000,0x00000000e8510fb0,0x00000000e8780000)
  to   space 12288K, 0% used [0x00000000e6f80000,0x00000000e6f80000,0x00000000e7b80000)
 ParOldGen       total 88064K, used 7508K [0x00000000a0000000, 0x00000000a5600000, 0x00000000e0000000)
  object space 88064K, 8% used [0x00000000a0000000,0x00000000a0755388,0x00000000a5600000)
 Metaspace       used 34564K, capacity 35410K, committed 35456K, reserved 1079296K
  class space    used 4733K, capacity 4969K, committed 4992K, reserved 1048576K
Event: 7.856 GC heap after
Heap after GC invocations=8 (full 1):
 PSYoungGen      total 126464K, used 10019K [0x00000000e0000000, 0x00000000ed600000, 0x0000000100000000)
  eden space 114176K, 0% used [0x00000000e0000000,0x00000000e0000000,0x00000000e6f80000)
  from space 12288K, 81% used [0x00000000e6f80000,0x00000000e7948de0,0x00000000e7b80000)
  to   space 12288K, 0% used [0x00000000eca00000,0x00000000eca00000,0x00000000ed600000)
 ParOldGen       total 88064K, used 7516K [0x00000000a0000000, 0x00000000a5600000, 0x00000000e0000000)
  object space 88064K, 8% used [0x00000000a0000000,0x00000000a0757388,0x00000000a5600000)
 Metaspace       used 34564K, capacity 35410K, committed 35456K, reserved 1079296K
  class space    used 4733K, capacity 4969K, committed 4992K, reserved 1048576K
}
Event: 7.856 GC heap before
{Heap before GC invocations=9 (full 2):
 PSYoungGen      total 126464K, used 10019K [0x00000000e0000000, 0x00000000ed600000, 0x0000000100000000)
  eden space 114176K, 0% used [0x00000000e0000000,0x00000000e0000000,0x00000000e6f80000)
  from space 12288K, 81% used [0x00000000e6f80000,0x00000000e7948de0,0x00000000e7b80000)
  to   space 12288K, 0% used [0x00000000eca00000,0x00000000eca00000,0x00000000ed600000)
 ParOldGen       total 88064K, used 7516K [0x00000000a0000000, 0x00000000a5600000, 0x00000000e0000000)
  object space 88064K, 8% used [0x00000000a0000000,0x00000000a0757388,0x00000000a5600000)
 Metaspace       used 34564K, capacity 35410K, committed 35456K, reserved 1079296K
  class space    used 4733K, capacity 4969K, committed 4992K, reserved 1048576K
Event: 7.920 GC heap after
Heap after GC invocations=9 (full 2):
 PSYoungGen      total 126464K, used 0K [0x00000000e0000000, 0x00000000ed600000, 0x0000000100000000)
  eden space 114176K, 0% used [0x00000000e0000000,0x00000000e0000000,0x00000000e6f80000)
  from space 12288K, 0% used [0x00000000e6f80000,0x00000000e6f80000,0x00000000e7b80000)
  to   space 12288K, 0% used [0x00000000eca00000,0x00000000eca00000,0x00000000ed600000)
 ParOldGen       total 133120K, used 16739K [0x00000000a0000000, 0x00000000a8200000, 0x00000000e0000000)
  object space 133120K, 12% used [0x00000000a0000000,0x00000000a1058f68,0x00000000a8200000)
 Metaspace       used 34539K, capacity 35326K, committed 35456K, reserved 1079296K
  class space    used 4726K, capacity 4955K, committed 4992K, reserved 1048576K
}
Event: 10.184 GC heap before
{Heap before GC invocations=10 (full 2):
 PSYoungGen      total 126464K, used 114176K [0x00000000e0000000, 0x00000000ed600000, 0x0000000100000000)
  eden space 114176K, 100% used [0x00000000e0000000,0x00000000e6f80000,0x00000000e6f80000)
  from space 12288K, 0% used [0x00000000e6f80000,0x00000000e6f80000,0x00000000e7b80000)
  to   space 12288K, 0% used [0x00000000eca00000,0x00000000eca00000,0x00000000ed600000)
 ParOldGen       total 133120K, used 16739K [0x00000000a0000000, 0x00000000a8200000, 0x00000000e0000000)
  object space 133120K, 12% used [0x00000000a0000000,0x00000000a1058f68,0x00000000a8200000)
 Metaspace       used 45382K, capacity 46518K, committed 46592K, reserved 1089536K
  class space    used 6090K, capacity 6394K, committed 6400K, reserved 1048576K
Event: 10.207 GC heap after
Heap after GC invocations=10 (full 2):
 PSYoungGen      total 186880K, used 12287K [0x00000000e0000000, 0x00000000ed600000, 0x0000000100000000)
  eden space 174592K, 0% used [0x00000000e0000000,0x00000000e0000000,0x00000000eaa80000)
  from space 12288K, 99% used [0x00000000eca00000,0x00000000ed5ffcd0,0x00000000ed600000)
  to   space 14848K, 0% used [0x00000000eb900000,0x00000000eb900000,0x00000000ec780000)
 ParOldGen       total 133120K, used 19898K [0x00000000a0000000, 0x00000000a8200000, 0x00000000e0000000)
  object space 133120K, 14% used [0x00000000a0000000,0x00000000a136e9b8,0x00000000a8200000)
 Metaspace       used 45382K, capacity 46518K, committed 46592K, reserved 1089536K
  class space    used 6090K, capacity 6394K, committed 6400K, reserved 1048576K
}
Event: 15.022 GC heap before
{Heap before GC invocations=11 (full 2):
 PSYoungGen      total 186880K, used 162478K [0x00000000e0000000, 0x00000000ed600000, 0x0000000100000000)
  eden space 174592K, 86% used [0x00000000e0000000,0x00000000e92abee0,0x00000000eaa80000)
  from space 12288K, 99% used [0x00000000eca00000,0x00000000ed5ffcd0,0x00000000ed600000)
  to   space 14848K, 0% used [0x00000000eb900000,0x00000000eb900000,0x00000000ec780000)
 ParOldGen       total 133120K, used 19898K [0x00000000a0000000, 0x00000000a8200000, 0x00000000e0000000)
  object space 133120K, 14% used [0x00000000a0000000,0x00000000a136e9b8,0x00000000a8200000)
 Metaspace       used 57173K, capacity 59006K, committed 59096K, reserved 1099776K
  class space    used 7835K, capacity 8275K, committed 8320K, reserved 1048576K
Event: 15.063 GC heap after
Heap after GC invocations=11 (full 2):
 PSYoungGen      total 204288K, used 14829K [0x00000000e0000000, 0x00000000f0500000, 0x0000000100000000)
  eden space 189440K, 0% used [0x00000000e0000000,0x00000000e0000000,0x00000000eb900000)
  from space 14848K, 99% used [0x00000000eb900000,0x00000000ec77b7c0,0x00000000ec780000)
  to   space 19968K, 0% used [0x00000000ef180000,0x00000000ef180000,0x00000000f0500000)
 ParOldGen       total 133120K, used 27952K [0x00000000a0000000, 0x00000000a8200000, 0x00000000e0000000)
  object space 133120K, 20% used [0x00000000a0000000,0x00000000a1b4c1f0,0x00000000a8200000)
 Metaspace       used 57173K, capacity 59006K, committed 59096K, reserved 1099776K
  class space    used 7835K, capacity 8275K, committed 8320K, reserved 1048576K
}
Event: 15.063 GC heap before
{Heap before GC invocations=12 (full 3):
 PSYoungGen      total 204288K, used 14829K [0x00000000e0000000, 0x00000000f0500000, 0x0000000100000000)
  eden space 189440K, 0% used [0x00000000e0000000,0x00000000e0000000,0x00000000eb900000)
  from space 14848K, 99% used [0x00000000eb900000,0x00000000ec77b7c0,0x00000000ec780000)
  to   space 19968K, 0% used [0x00000000ef180000,0x00000000ef180000,0x00000000f0500000)
 ParOldGen       total 133120K, used 27952K [0x00000000a0000000, 0x00000000a8200000, 0x00000000e0000000)
  object space 133120K, 20% used [0x00000000a0000000,0x00000000a1b4c1f0,0x00000000a8200000)
 Metaspace       used 57173K, capacity 59006K, committed 59096K, reserved 1099776K
  class space    used 7835K, capacity 8275K, committed 8320K, reserved 1048576K
Event: 15.527 GC heap after
Heap after GC invocations=12 (full 3):
 PSYoungGen      total 204288K, used 0K [0x00000000e0000000, 0x00000000f0500000, 0x0000000100000000)
  eden space 189440K, 0% used [0x00000000e0000000,0x00000000e0000000,0x00000000eb900000)
  from space 14848K, 0% used [0x00000000eb900000,0x00000000eb900000,0x00000000ec780000)
  to   space 19968K, 0% used [0x00000000ef180000,0x00000000ef180000,0x00000000f0500000)
 ParOldGen       total 133120K, used 36448K [0x00000000a0000000, 0x00000000a8200000, 0x00000000e0000000)
  object space 133120K, 27% used [0x00000000a0000000,0x00000000a2398398,0x00000000a8200000)
 Metaspace       used 57173K, capacity 59006K, committed 59096K, reserved 1099776K
  class space    used 7835K, capacity 8275K, committed 8320K, reserved 1048576K
}

Deoptimization events (10 events):
Event: 13.713 Thread 0x000000001b3e8000 Uncommon trap: reason=bimorphic action=maybe_recompile pc=0x0000000002f7f144 method=java.util.regex.Pattern$5.isSatisfiedBy(I)Z @ 16
Event: 13.714 Thread 0x000000001b3e8000 Uncommon trap: reason=bimorphic action=maybe_recompile pc=0x0000000002f7f144 method=java.util.regex.Pattern$5.isSatisfiedBy(I)Z @ 16
Event: 13.714 Thread 0x000000001b3e8000 Uncommon trap: reason=bimorphic action=maybe_recompile pc=0x0000000002f7f144 method=java.util.regex.Pattern$5.isSatisfiedBy(I)Z @ 16
Event: 13.714 Thread 0x000000001b3e8000 Uncommon trap: reason=bimorphic action=maybe_recompile pc=0x0000000002f7f144 method=java.util.regex.Pattern$5.isSatisfiedBy(I)Z @ 16
Event: 14.560 Thread 0x000000001b3e8000 Uncommon trap: reason=unstable_if action=reinterpret pc=0x00000000031135a8 method=java.util.regex.Pattern$BmpCharProperty.match(Ljava/util/regex/Matcher;ILjava/lang/CharSequence;)Z @ 34
Event: 14.581 Thread 0x000000001b3e8000 Uncommon trap: reason=unstable_if action=reinterpret pc=0x00000000031f9f30 method=com.sun.org.apache.xerces.internal.impl.XMLEntityScanner.scanLiteral(ILcom/sun/org/apache/xerces/internal/xni/XMLString;Z)I @ 660
Event: 14.588 Thread 0x000000001b3e8000 Uncommon trap: reason=unstable_if action=reinterpret pc=0x0000000003b03ef8 method=com.sun.org.apache.xerces.internal.impl.XMLEntityScanner.peekChar()I @ 14
Event: 14.607 Thread 0x000000001b3e8000 Uncommon trap: reason=unstable_if action=reinterpret pc=0x000000000383c180 method=com.sun.org.apache.xerces.internal.util.SymbolTable.addSymbol([CII)Ljava/lang/String; @ 38
Event: 14.716 Thread 0x000000001b3e8000 Uncommon trap: reason=unstable_if action=reinterpret pc=0x0000000002d50bd8 method=com.google.gson.stream.JsonReader.doPeek()I @ 315
Event: 15.961 Thread 0x000000001b3e8000 Uncommon trap: reason=unstable_if action=reinterpret pc=0x0000000003c0811c method=java.util.ArrayDeque.addLast(Ljava/lang/Object;)V @ 45

Classes redefined (0 events):
No events

Internal exceptions (10 events):
Event: 11.814 Thread 0x000000001b3e8000 Exception <a 'java/lang/NoSuchMethodError': java.lang.Object.lambda$comparingInt$7b0bb60$1(Ljava/util/function/ToIntFunction;Ljava/lang/Object;Ljava/lang/Object;)I> (0x00000000e34bc788) thrown at [D:\src\AOSP-openjdk-cygwin\jdk8u\hotspot\src\share\vm\inte
Event: 12.554 Thread 0x000000001b3e8000 Exception <a 'java/lang/ClassNotFoundException': com/android/build/gradle/internal/api/ApkVariantOutputImpl_DecoratedBeanInfo> (0x00000000e44b6208) thrown at [D:\src\AOSP-openjdk-cygwin\jdk8u\hotspot\src\share\vm\classfile\systemDictionary.cpp, line 210]
Event: 12.556 Thread 0x000000001b3e8000 Exception <a 'java/lang/ClassNotFoundException': com/android/build/gradle/internal/api/ApkVariantOutputImplBeanInfo> (0x00000000e44d45f8) thrown at [D:\src\AOSP-openjdk-cygwin\jdk8u\hotspot\src\share\vm\classfile\systemDictionary.cpp, line 210]
Event: 12.557 Thread 0x000000001b3e8000 Exception <a 'java/lang/ClassNotFoundException': com/android/build/gradle/internal/api/BaseVariantOutputImplBeanInfo> (0x00000000e44f3ee0) thrown at [D:\src\AOSP-openjdk-cygwin\jdk8u\hotspot\src\share\vm\classfile\systemDictionary.cpp, line 210]
Event: 12.559 Thread 0x000000001b3e8000 Exception <a 'java/lang/ClassNotFoundException': com/android/build/gradle/internal/api/BaseVariantOutputImplCustomizer> (0x00000000e4513d80) thrown at [D:\src\AOSP-openjdk-cygwin\jdk8u\hotspot\src\share\vm\classfile\systemDictionary.cpp, line 210]
Event: 12.562 Thread 0x000000001b3e8000 Exception <a 'java/lang/ClassNotFoundException': com/android/build/gradle/internal/api/ApkVariantOutputImplCustomizer> (0x00000000e454d810) thrown at [D:\src\AOSP-openjdk-cygwin\jdk8u\hotspot\src\share\vm\classfile\systemDictionary.cpp, line 210]
Event: 12.564 Thread 0x000000001b3e8000 Exception <a 'java/lang/ClassNotFoundException': com/android/build/gradle/internal/api/ApkVariantOutputImpl_DecoratedCustomizer> (0x00000000e4582ae0) thrown at [D:\src\AOSP-openjdk-cygwin\jdk8u\hotspot\src\share\vm\classfile\systemDictionary.cpp, line 210
Event: 13.790 Thread 0x000000001b3e8000 Exception <a 'java/lang/ClassNotFoundException': com/sun/org/glassfish/hk2/osgiresourcelocator/ServiceLoader> (0x00000000e6c96740) thrown at [D:\src\AOSP-openjdk-cygwin\jdk8u\hotspot\src\share\vm\classfile\systemDictionary.cpp, line 210]
Event: 13.907 Thread 0x000000001b3e8000 Exception <a 'java/lang/NullPointerException'> (0x00000000e7225df0) thrown at [D:\src\AOSP-openjdk-cygwin\jdk8u\hotspot\src\share\vm\interpreter\linkResolver.cpp, line 1287]
Event: 16.552 Thread 0x000000001b3e8000 Exception <a 'java/lang/OutOfMemoryError': unable to create new native thread> (0x00000000e1ae2910) thrown at [D:\src\AOSP-openjdk-cygwin\jdk8u\hotspot\src\share\vm\prims\jvm.cpp, line 3141]

Events (10 events):
Event: 16.595 loading class org/gradle/api/internal/artifacts/transform/DefaultTransformerInvoker$2
Event: 16.595 loading class org/gradle/api/internal/artifacts/transform/DefaultTransformerInvoker$2 done
Event: 16.596 Executing VM operation: RevokeBias
Event: 16.596 Executing VM operation: RevokeBias done
Event: 16.596 Executing VM operation: RevokeBias
Event: 16.596 Executing VM operation: RevokeBias done
Event: 16.596 Executing VM operation: RevokeBias
Event: 16.596 Executing VM operation: RevokeBias done
Event: 16.597 Executing VM operation: RevokeBias
Event: 16.597 Executing VM operation: RevokeBias done


Dynamic libraries:
0x00007ff67dcf0000 - 0x00007ff67dd21000 	C:\Program Files\Android\Android Studio\jre\bin\java.exe
0x00007ffa17a00000 - 0x00007ffa17bf0000 	C:\WINDOWS\SYSTEM32\ntdll.dll
0x00007ffa15bd0000 - 0x00007ffa15c82000 	C:\WINDOWS\System32\KERNEL32.DLL
0x00007ffa14cb0000 - 0x00007ffa14f53000 	C:\WINDOWS\System32\KERNELBASE.dll
0x00007ffa15b10000 - 0x00007ffa15bb3000 	C:\WINDOWS\System32\ADVAPI32.dll
0x00007ffa177d0000 - 0x00007ffa1786e000 	C:\WINDOWS\System32\msvcrt.dll
0x00007ffa16770000 - 0x00007ffa16807000 	C:\WINDOWS\System32\sechost.dll
0x00007ffa15f30000 - 0x00007ffa16050000 	C:\WINDOWS\System32\RPCRT4.dll
0x00007ffa16c90000 - 0x00007ffa16e24000 	C:\WINDOWS\System32\USER32.dll
0x00007ffa14c80000 - 0x00007ffa14ca1000 	C:\WINDOWS\System32\win32u.dll
0x00007ffa166e0000 - 0x00007ffa16706000 	C:\WINDOWS\System32\GDI32.dll
0x00007ffa15910000 - 0x00007ffa15aa4000 	C:\WINDOWS\System32\gdi32full.dll
0x00007ffa14990000 - 0x00007ffa14a2e000 	C:\WINDOWS\System32\msvcp_win.dll
0x00007ffa156e0000 - 0x00007ffa157da000 	C:\WINDOWS\System32\ucrtbase.dll
0x00007ffa039f0000 - 0x00007ffa03c75000 	C:\WINDOWS\WinSxS\amd64_microsoft.windows.common-controls_6595b64144ccf1df_6.0.18362.778_none_e6c6b761130d4fb8\COMCTL32.dll
0x00007ffa16050000 - 0x00007ffa16386000 	C:\WINDOWS\System32\combase.dll
0x00007ffa14c00000 - 0x00007ffa14c80000 	C:\WINDOWS\System32\bcryptPrimitives.dll
0x00007ffa15e50000 - 0x00007ffa15e7e000 	C:\WINDOWS\System32\IMM32.DLL
0x0000000057e70000 - 0x0000000057f42000 	C:\Program Files\Android\Android Studio\jre\jre\bin\msvcr100.dll
0x000000005a870000 - 0x000000005b0b6000 	C:\Program Files\Android\Android Studio\jre\jre\bin\server\jvm.dll
0x00007ffa17870000 - 0x00007ffa17878000 	C:\WINDOWS\System32\PSAPI.DLL
0x00007ffa00c80000 - 0x00007ffa00c89000 	C:\WINDOWS\SYSTEM32\WSOCK32.dll
0x00007ffa0f6b0000 - 0x00007ffa0f6d4000 	C:\WINDOWS\SYSTEM32\WINMM.dll
0x00007ffa16390000 - 0x00007ffa163ff000 	C:\WINDOWS\System32\WS2_32.dll
0x00007ffa0e1a0000 - 0x00007ffa0e1aa000 	C:\WINDOWS\SYSTEM32\VERSION.dll
0x00007ffa0f680000 - 0x00007ffa0f6ad000 	C:\WINDOWS\SYSTEM32\winmmbase.dll
0x00007ffa14b80000 - 0x00007ffa14bca000 	C:\WINDOWS\System32\cfgmgr32.dll
0x00007ffa10d60000 - 0x00007ffa10d6f000 	C:\Program Files\Android\Android Studio\jre\jre\bin\verify.dll
0x00007ffa02ee0000 - 0x00007ffa02f09000 	C:\Program Files\Android\Android Studio\jre\jre\bin\java.dll
0x00007ffa10d40000 - 0x00007ffa10d56000 	C:\Program Files\Android\Android Studio\jre\jre\bin\zip.dll
0x00007ffa170e0000 - 0x00007ffa177c5000 	C:\WINDOWS\System32\SHELL32.dll
0x00007ffa16480000 - 0x00007ffa16529000 	C:\WINDOWS\System32\shcore.dll
0x00007ffa14f60000 - 0x00007ffa156e0000 	C:\WINDOWS\System32\windows.storage.dll
0x00007ffa14960000 - 0x00007ffa14983000 	C:\WINDOWS\System32\profapi.dll
0x00007ffa148f0000 - 0x00007ffa1493a000 	C:\WINDOWS\System32\powrprof.dll
0x00007ffa148c0000 - 0x00007ffa148d0000 	C:\WINDOWS\System32\UMPDC.dll
0x00007ffa16710000 - 0x00007ffa16762000 	C:\WINDOWS\System32\shlwapi.dll
0x00007ffa14940000 - 0x00007ffa14951000 	C:\WINDOWS\System32\kernel.appcore.dll
0x00007ffa158f0000 - 0x00007ffa15907000 	C:\WINDOWS\System32\cryptsp.dll
0x00007ffa0f9c0000 - 0x00007ffa0f9da000 	C:\Program Files\Android\Android Studio\jre\jre\bin\net.dll
0x00007ffa05940000 - 0x00007ffa05b15000 	C:\WINDOWS\SYSTEM32\urlmon.dll
0x00007ffa07240000 - 0x00007ffa074e6000 	C:\WINDOWS\SYSTEM32\iertutil.dll
0x00007ffa14300000 - 0x00007ffa1430c000 	C:\WINDOWS\SYSTEM32\CRYPTBASE.DLL
0x00007ffa14130000 - 0x00007ffa14197000 	C:\WINDOWS\system32\mswsock.dll
0x00007ffa03370000 - 0x00007ffa03383000 	C:\Program Files\Android\Android Studio\jre\jre\bin\nio.dll
0x00007ff9f76a0000 - 0x00007ff9f76c6000 	C:\Users\feras272\.gradle\native\30\windows-amd64\native-platform.dll
0x00007ffa0fb00000 - 0x00007ffa0fb0d000 	C:\Program Files\Android\Android Studio\jre\jre\bin\management.dll
0x00007ffa13ca0000 - 0x00007ffa13cd3000 	C:\WINDOWS\system32\rsaenh.dll
0x00007ffa14bd0000 - 0x00007ffa14bf6000 	C:\WINDOWS\System32\bcrypt.dll
0x00007ffa147b0000 - 0x00007ffa147d5000 	C:\WINDOWS\SYSTEM32\USERENV.dll
0x00007ffa13e40000 - 0x00007ffa13e7a000 	C:\WINDOWS\SYSTEM32\IPHLPAPI.DLL
0x00007ffa15bc0000 - 0x00007ffa15bc8000 	C:\WINDOWS\System32\NSI.dll
0x00007ffa0ae00000 - 0x00007ffa0ae16000 	C:\WINDOWS\SYSTEM32\dhcpcsvc6.DLL
0x00007ffa0ba00000 - 0x00007ffa0ba1c000 	C:\WINDOWS\SYSTEM32\dhcpcsvc.DLL
0x00007ffa13e80000 - 0x00007ffa13f4a000 	C:\WINDOWS\SYSTEM32\DNSAPI.dll

VM Arguments:
jvm_args: -Xmx1536m -Dfile.encoding=windows-1252 -Duser.country=SA -Duser.language=ar -Duser.variant 
java_command: org.gradle.launcher.daemon.bootstrap.GradleDaemon 5.6.4
java_class_path (initial): C:\Users\feras272\.gradle\wrapper\dists\gradle-5.6.4-all\ankdp27end7byghfw1q2sw75f\gradle-5.6.4\lib\gradle-launcher-5.6.4.jar
Launcher Type: SUN_STANDARD

Environment Variables:
PATH=D:\DV1\jdk\jre\bin\classic;D:\DV1\jdk\jre\bin;D:\DV1\jdk\jre\bin\client;D:\DV1\jlib;D:\DV1\bin;D:\DV1\jre\1.4.2\bin\client;D:\DV1\jre\1.4.2\bin;D:\oracle\product\10.2.0\db_2\bin;C:\Program Files (x86)\Common Files\Oracle\Java\javapath;C:\Program Files (x86)\Intel\iCLS Client\;C:\Program Files\Intel\iCLS Client\;C:\windows\system32;C:\windows;C:\windows\System32\Wbem;C:\windows\System32\WindowsPowerShell\v1.0\;C:\Program Files (x86)\Intel\Intel(R) Management Engine Components\DAL;C:\Program Files\Intel\Intel(R) Management Engine Components\DAL;C:\Program Files (x86)\Intel\Intel(R) Management Engine Components\IPT;C:\Program Files\Intel\Intel(R) Management Engine Components\IPT;C:\Program Files (x86)\NVIDIA Corporation\PhysX\Common;C:\WINDOWS\system32;C:\WINDOWS;C:\WINDOWS\System32\Wbem;C:\WINDOWS\System32\WindowsPowerShell\v1.0\;C:\Program Files\dotnet\;C:\WINDOWS\System32\OpenSSH\;C:\Program Files\Intel\WiFi\bin\;C:\Program Files\Common Files\Intel\WirelessCommon\;C:\Program Files\PuTTY\;C:\Program Files\nodejs\;C:\Program Files\Java\jdk-13.0.2\bin;C:\Program Files\Git\cmd;C:\Program Files\Microsoft VS Code\bin;C:\Users\feras272\AppData\Local\Microsoft\WindowsApps;C:\ProgramData\feras272\GitHubDesktop\bin;C:\Users\feras272\AppData\Local\GitHubDesktop\bin;C:\Users\feras272\AppData\Roaming\npm;C:\Users\feras272\AppData\Local\Microsoft\WindowsApps;C:\Program Files\Java\jdk1.8.0_172\bin;C:\Program Files\Java\jre1.8.0_172\bin;
USERNAME=feras272
OS=Windows_NT
PROCESSOR_IDENTIFIER=Intel64 Family 6 Model 142 Stepping 10, GenuineIntel



---------------  S Y S T E M  ---------------

OS: Windows 10.0 , 64 bit Build 18362 (10.0.18362.778)

CPU:total 8 (initial active 8) (4 cores per cpu, 2 threads per core) family 6 model 142 stepping 10, cmov, cx8, fxsr, mmx, sse, sse2, sse3, ssse3, sse4.1, sse4.2, popcnt, avx, avx2, aes, clmul, erms, 3dnowpref, lzcnt, ht, tsc, tscinvbit, bmi1, bmi2, adx

Memory: 4k page, physical 16692132k(3533424k free), swap 19170212k(204k free)

vm_info: OpenJDK 64-Bit Server VM (25.212-b04) for windows-amd64 JRE (1.8.0_212-release-1586-b04), built by "builder" with MS VC++ 10.0 (VS2010)

time: Tue Apr 21 21:17:56 2020
timezone: 
elapsed time: 16 seconds (0d 0h 0m 16s)

